<?xml version="1.0" encoding="UTF-8"?>
<!-- Generated by org.testng.reporters.JUnitReportReporter -->
<testsuite hostname="DESKTOP-TLJL57A" failures="0" tests="4" name="Kaitan.Final.Home" time="136.095" errors="0" timestamp="2021-10-22T21:50:38 IST" skipped="0">
  <testcase classname="Kaitan.Final.Home" name="basePageNavigation" time="21.025"/>
  <system-out/>
  <testcase classname="Kaitan.Final.Home" name="basePageNavigation" time="27.323"/>
  <system-out/>
  <testcase classname="Kaitan.Final.Home" name="basePageNavigation" time="68.739"/>
  <system-out/>
  <testcase classname="Kaitan.Final.Home" name="basePageNavigation" time="19.008"/>
  <system-out/>
</testsuite> <!-- Kaitan.Final.Home -->
