<?xml version="1.0" encoding="UTF-8"?>
<!-- Generated by org.testng.reporters.JUnitReportReporter -->
<testsuite hostname="DESKTOP-TLJL57A" failures="0" tests="1" name="Kaitan.Final.UserEdit" time="84.155" errors="0" timestamp="2021-10-22T21:08:46 IST" skipped="0">
  <testcase classname="Kaitan.Final.UserEdit" name="getEditUser" time="84.155"/>
  <system-out/>
</testsuite> <!-- Kaitan.Final.UserEdit -->
