<?xml version="1.0" encoding="UTF-8"?>
<!-- Generated by org.testng.reporters.JUnitReportReporter -->
<testsuite hostname="DESKTOP-TLJL57A" failures="0" tests="1" name="Kaitan.Final.CreateUser" time="118.896" errors="0" timestamp="2021-10-22T21:02:55 IST" skipped="0">
  <testcase classname="Kaitan.Final.CreateUser" name="addingUser" time="118.896"/>
  <system-out/>
</testsuite> <!-- Kaitan.Final.CreateUser -->
