<?xml version="1.0" encoding="UTF-8"?>
<!-- Generated by org.testng.reporters.JUnitReportReporter -->
<testsuite hostname="DESKTOP-TLJL57A" failures="0" tests="3" name="StudentCheck.StudentVerify" time="182.395" errors="0" timestamp="2021-10-22T21:22:02 IST" skipped="0">
  <testcase classname="StudentCheck.StudentVerify" name="courseEnroll" time="55.852"/>
  <system-out/>
  <testcase classname="StudentCheck.StudentVerify" name="Quiz" time="51.500"/>
  <system-out/>
  <testcase classname="StudentCheck.StudentVerify" name="BadgeAndFeedback" time="75.043"/>
  <system-out/>
</testsuite> <!-- StudentCheck.StudentVerify -->
