<?xml version="1.0" encoding="UTF-8"?>
<!-- Generated by org.testng.reporters.JUnitReportReporter -->
<testsuite hostname="DESKTOP-TLJL57A" failures="0" tests="1" name="StudentCheck.StudentHome" time="54.722" errors="0" timestamp="2021-10-22T21:22:02 IST" skipped="0">
  <testcase classname="StudentCheck.StudentHome" name="studentNavigation" time="54.722"/>
  <system-out/>
</testsuite> <!-- StudentCheck.StudentHome -->
