<?xml version="1.0" encoding="UTF-8"?>
<!-- Generated by org.testng.reporters.JUnitReportReporter -->
<testsuite hostname="DESKTOP-TLJL57A" failures="0" tests="1" name="Kaitan.Final.CreateCourse" time="55.221" errors="0" timestamp="2021-10-22T21:22:02 IST" skipped="0">
  <testcase classname="Kaitan.Final.CreateCourse" name="getCreateCours" time="55.221"/>
  <system-out/>
</testsuite> <!-- Kaitan.Final.CreateCourse -->
